CRITICAL - 2024-01-22 05:35:58 --> Call to undefined method App\Controllers\Home::isLoggedIn()
#0 C:\xampp\htdocs\foto\system\CodeIgniter.php(832): App\Controllers\Home->index()
#1 C:\xampp\htdocs\foto\system\CodeIgniter.php(419): CodeIgniter\CodeIgniter->runController(Object(App\Controllers\Home))
#2 C:\xampp\htdocs\foto\system\CodeIgniter.php(326): CodeIgniter\CodeIgniter->handleRequest(NULL, Object(Config\Cache), false)
#3 C:\xampp\htdocs\foto\public\index.php(37): CodeIgniter\CodeIgniter->run()
#4 C:\xampp\htdocs\foto\system\Commands\Server\rewrite.php(43): require_once('C:\\xampp\\htdocs...')
#5 {main}
CRITICAL - 2024-01-22 05:36:15 --> Call to undefined method App\Controllers\Home::isLoggedIn()
#0 C:\xampp\htdocs\foto\system\CodeIgniter.php(832): App\Controllers\Home->index()
#1 C:\xampp\htdocs\foto\system\CodeIgniter.php(419): CodeIgniter\CodeIgniter->runController(Object(App\Controllers\Home))
#2 C:\xampp\htdocs\foto\system\CodeIgniter.php(326): CodeIgniter\CodeIgniter->handleRequest(NULL, Object(Config\Cache), false)
#3 C:\xampp\htdocs\foto\public\index.php(37): CodeIgniter\CodeIgniter->run()
#4 C:\xampp\htdocs\foto\system\Commands\Server\rewrite.php(43): require_once('C:\\xampp\\htdocs...')
#5 {main}
CRITICAL - 2024-01-22 07:54:47 --> Invalid argument supplied for foreach()
#0 C:\xampp\htdocs\foto\app\Views\post.php(65): CodeIgniter\Debug\Exceptions->errorHandler(2, 'Invalid argumen...', 'C:\\xampp\\htdocs...', 65, Array)
#1 C:\xampp\htdocs\foto\system\View\View.php(210): include('C:\\xampp\\htdocs...')
#2 C:\xampp\htdocs\foto\system\View\View.php(213): CodeIgniter\View\View->CodeIgniter\View\{closure}()
#3 C:\xampp\htdocs\foto\system\Common.php(1089): CodeIgniter\View\View->render('post', Array, true)
#4 C:\xampp\htdocs\foto\app\Controllers\post.php(13): view('post')
#5 C:\xampp\htdocs\foto\system\CodeIgniter.php(832): App\Controllers\post->index()
#6 C:\xampp\htdocs\foto\system\CodeIgniter.php(419): CodeIgniter\CodeIgniter->runController(Object(App\Controllers\post))
#7 C:\xampp\htdocs\foto\system\CodeIgniter.php(326): CodeIgniter\CodeIgniter->handleRequest(NULL, Object(Config\Cache), false)
#8 C:\xampp\htdocs\foto\public\index.php(37): CodeIgniter\CodeIgniter->run()
#9 C:\xampp\htdocs\foto\system\Commands\Server\rewrite.php(43): require_once('C:\\xampp\\htdocs...')
#10 {main}
ERROR - 2024-01-22 07:57:02 --> Unknown column 'created_at' in 'order clause'
CRITICAL - 2024-01-22 07:57:02 --> Call to a member function getResult() on bool
#0 C:\xampp\htdocs\foto\app\Controllers\post.php(13): App\Models\M_model->tampil('album')
#1 C:\xampp\htdocs\foto\system\CodeIgniter.php(832): App\Controllers\post->index()
#2 C:\xampp\htdocs\foto\system\CodeIgniter.php(419): CodeIgniter\CodeIgniter->runController(Object(App\Controllers\post))
#3 C:\xampp\htdocs\foto\system\CodeIgniter.php(326): CodeIgniter\CodeIgniter->handleRequest(NULL, Object(Config\Cache), false)
#4 C:\xampp\htdocs\foto\public\index.php(37): CodeIgniter\CodeIgniter->run()
#5 C:\xampp\htdocs\foto\system\Commands\Server\rewrite.php(43): require_once('C:\\xampp\\htdocs...')
#6 {main}
CRITICAL - 2024-01-22 07:57:45 --> Invalid argument supplied for foreach()
#0 C:\xampp\htdocs\foto\app\Views\post.php(65): CodeIgniter\Debug\Exceptions->errorHandler(2, 'Invalid argumen...', 'C:\\xampp\\htdocs...', 65, Array)
#1 C:\xampp\htdocs\foto\system\View\View.php(210): include('C:\\xampp\\htdocs...')
#2 C:\xampp\htdocs\foto\system\View\View.php(213): CodeIgniter\View\View->CodeIgniter\View\{closure}()
#3 C:\xampp\htdocs\foto\system\Common.php(1089): CodeIgniter\View\View->render('post', Array, true)
#4 C:\xampp\htdocs\foto\app\Controllers\post.php(15): view('post')
#5 C:\xampp\htdocs\foto\system\CodeIgniter.php(832): App\Controllers\post->index()
#6 C:\xampp\htdocs\foto\system\CodeIgniter.php(419): CodeIgniter\CodeIgniter->runController(Object(App\Controllers\post))
#7 C:\xampp\htdocs\foto\system\CodeIgniter.php(326): CodeIgniter\CodeIgniter->handleRequest(NULL, Object(Config\Cache), false)
#8 C:\xampp\htdocs\foto\public\index.php(37): CodeIgniter\CodeIgniter->run()
#9 C:\xampp\htdocs\foto\system\Commands\Server\rewrite.php(43): require_once('C:\\xampp\\htdocs...')
#10 {main}
ERROR - 2024-01-22 08:01:55 --> Unknown column 'foto' in 'field list'
ERROR - 2024-01-22 08:02:48 --> Column 'deskripsi' cannot be null
ERROR - 2024-01-22 08:27:24 --> Unknown column 'id_album' in 'field list'
CRITICAL - 2024-01-22 08:27:24 --> Call to a member function getResult() on bool
#0 C:\xampp\htdocs\foto\system\BaseModel.php(584): CodeIgniter\Model->doFindAll(0, 0)
#1 C:\xampp\htdocs\foto\app\Controllers\dashboard.php(26): CodeIgniter\BaseModel->findAll()
#2 C:\xampp\htdocs\foto\app\Controllers\dashboard.php(15): App\Controllers\dashboard->getAlbumsWithPosts(Object(App\Models\PostModel))
#3 C:\xampp\htdocs\foto\system\CodeIgniter.php(832): App\Controllers\dashboard->index()
#4 C:\xampp\htdocs\foto\system\CodeIgniter.php(419): CodeIgniter\CodeIgniter->runController(Object(App\Controllers\dashboard))
#5 C:\xampp\htdocs\foto\system\CodeIgniter.php(326): CodeIgniter\CodeIgniter->handleRequest(NULL, Object(Config\Cache), false)
#6 C:\xampp\htdocs\foto\public\index.php(37): CodeIgniter\CodeIgniter->run()
#7 C:\xampp\htdocs\foto\system\Commands\Server\rewrite.php(43): require_once('C:\\xampp\\htdocs...')
#8 {main}
CRITICAL - 2024-01-22 08:30:45 --> Call to undefined method App\Controllers\dashboard::getAlbumsWithPosts()
#0 C:\xampp\htdocs\foto\system\CodeIgniter.php(832): App\Controllers\dashboard->index()
#1 C:\xampp\htdocs\foto\system\CodeIgniter.php(419): CodeIgniter\CodeIgniter->runController(Object(App\Controllers\dashboard))
#2 C:\xampp\htdocs\foto\system\CodeIgniter.php(326): CodeIgniter\CodeIgniter->handleRequest(NULL, Object(Config\Cache), false)
#3 C:\xampp\htdocs\foto\public\index.php(37): CodeIgniter\CodeIgniter->run()
#4 C:\xampp\htdocs\foto\system\Commands\Server\rewrite.php(43): require_once('C:\\xampp\\htdocs...')
#5 {main}
CRITICAL - 2024-01-22 08:36:23 --> Invalid argument supplied for foreach()
#0 C:\xampp\htdocs\foto\app\Views\dashboard.php(3): CodeIgniter\Debug\Exceptions->errorHandler(2, 'Invalid argumen...', 'C:\\xampp\\htdocs...', 3, Array)
#1 C:\xampp\htdocs\foto\system\View\View.php(210): include('C:\\xampp\\htdocs...')
#2 C:\xampp\htdocs\foto\system\View\View.php(213): CodeIgniter\View\View->CodeIgniter\View\{closure}()
#3 C:\xampp\htdocs\foto\system\Common.php(1089): CodeIgniter\View\View->render('dashboard', Array, true)
#4 C:\xampp\htdocs\foto\app\Controllers\dashboard.php(20): view('dashboard', Array)
#5 C:\xampp\htdocs\foto\system\CodeIgniter.php(832): App\Controllers\dashboard->index()
#6 C:\xampp\htdocs\foto\system\CodeIgniter.php(419): CodeIgniter\CodeIgniter->runController(Object(App\Controllers\dashboard))
#7 C:\xampp\htdocs\foto\system\CodeIgniter.php(326): CodeIgniter\CodeIgniter->handleRequest(NULL, Object(Config\Cache), false)
#8 C:\xampp\htdocs\foto\public\index.php(37): CodeIgniter\CodeIgniter->run()
#9 C:\xampp\htdocs\foto\system\Commands\Server\rewrite.php(43): require_once('C:\\xampp\\htdocs...')
#10 {main}
CRITICAL - 2024-01-22 08:51:06 --> Argument 1 passed to _get_uri() must be of the type string, null given, called in C:\xampp\htdocs\foto\system\Helpers\url_helper.php on line 87
#0 C:\xampp\htdocs\foto\system\Helpers\url_helper.php(87): _get_uri(NULL, Object(Config\App))
#1 C:\xampp\htdocs\foto\system\Helpers\url_helper.php(106): site_url(NULL, NULL, Object(Config\App))
#2 C:\xampp\htdocs\foto\app\Views\view_album.php(5): base_url(NULL)
#3 C:\xampp\htdocs\foto\system\View\View.php(210): include('C:\\xampp\\htdocs...')
#4 C:\xampp\htdocs\foto\system\View\View.php(213): CodeIgniter\View\View->CodeIgniter\View\{closure}()
#5 C:\xampp\htdocs\foto\system\Common.php(1089): CodeIgniter\View\View->render('view_album', Array, true)
#6 C:\xampp\htdocs\foto\app\Controllers\dashboard.php(33): view('view_album', Array)
#7 C:\xampp\htdocs\foto\system\CodeIgniter.php(832): App\Controllers\dashboard->viewAlbum('1')
#8 C:\xampp\htdocs\foto\system\CodeIgniter.php(419): CodeIgniter\CodeIgniter->runController(Object(App\Controllers\dashboard))
#9 C:\xampp\htdocs\foto\system\CodeIgniter.php(326): CodeIgniter\CodeIgniter->handleRequest(NULL, Object(Config\Cache), false)
#10 C:\xampp\htdocs\foto\public\index.php(37): CodeIgniter\CodeIgniter->run()
#11 C:\xampp\htdocs\foto\system\Commands\Server\rewrite.php(43): require_once('C:\\xampp\\htdocs...')
#12 {main}
CRITICAL - 2024-01-22 08:51:41 --> Argument 1 passed to _get_uri() must be of the type string, null given, called in C:\xampp\htdocs\foto\system\Helpers\url_helper.php on line 87
#0 C:\xampp\htdocs\foto\system\Helpers\url_helper.php(87): _get_uri(NULL, Object(Config\App))
#1 C:\xampp\htdocs\foto\system\Helpers\url_helper.php(106): site_url(NULL, NULL, Object(Config\App))
#2 C:\xampp\htdocs\foto\app\Views\view_album.php(5): base_url(NULL)
#3 C:\xampp\htdocs\foto\system\View\View.php(210): include('C:\\xampp\\htdocs...')
#4 C:\xampp\htdocs\foto\system\View\View.php(213): CodeIgniter\View\View->CodeIgniter\View\{closure}()
#5 C:\xampp\htdocs\foto\system\Common.php(1089): CodeIgniter\View\View->render('view_album', Array, true)
#6 C:\xampp\htdocs\foto\app\Controllers\dashboard.php(33): view('view_album', Array)
#7 C:\xampp\htdocs\foto\system\CodeIgniter.php(832): App\Controllers\dashboard->viewAlbum('2')
#8 C:\xampp\htdocs\foto\system\CodeIgniter.php(419): CodeIgniter\CodeIgniter->runController(Object(App\Controllers\dashboard))
#9 C:\xampp\htdocs\foto\system\CodeIgniter.php(326): CodeIgniter\CodeIgniter->handleRequest(NULL, Object(Config\Cache), false)
#10 C:\xampp\htdocs\foto\public\index.php(37): CodeIgniter\CodeIgniter->run()
#11 C:\xampp\htdocs\foto\system\Commands\Server\rewrite.php(43): require_once('C:\\xampp\\htdocs...')
#12 {main}
CRITICAL - 2024-01-22 08:52:37 --> Invalid argument supplied for foreach()
#0 C:\xampp\htdocs\foto\app\Views\view_album.php(4): CodeIgniter\Debug\Exceptions->errorHandler(2, 'Invalid argumen...', 'C:\\xampp\\htdocs...', 4, Array)
#1 C:\xampp\htdocs\foto\system\View\View.php(210): include('C:\\xampp\\htdocs...')
#2 C:\xampp\htdocs\foto\system\View\View.php(213): CodeIgniter\View\View->CodeIgniter\View\{closure}()
#3 C:\xampp\htdocs\foto\system\Common.php(1089): CodeIgniter\View\View->render('view_album', Array, true)
#4 C:\xampp\htdocs\foto\app\Controllers\dashboard.php(33): view('view_album', Array)
#5 C:\xampp\htdocs\foto\system\CodeIgniter.php(832): App\Controllers\dashboard->viewAlbum('2')
#6 C:\xampp\htdocs\foto\system\CodeIgniter.php(419): CodeIgniter\CodeIgniter->runController(Object(App\Controllers\dashboard))
#7 C:\xampp\htdocs\foto\system\CodeIgniter.php(326): CodeIgniter\CodeIgniter->handleRequest(NULL, Object(Config\Cache), false)
#8 C:\xampp\htdocs\foto\public\index.php(37): CodeIgniter\CodeIgniter->run()
#9 C:\xampp\htdocs\foto\system\Commands\Server\rewrite.php(43): require_once('C:\\xampp\\htdocs...')
#10 {main}
CRITICAL - 2024-01-22 08:52:47 --> Argument 1 passed to _get_uri() must be of the type string, null given, called in C:\xampp\htdocs\foto\system\Helpers\url_helper.php on line 87
#0 C:\xampp\htdocs\foto\system\Helpers\url_helper.php(87): _get_uri(NULL, Object(Config\App))
#1 C:\xampp\htdocs\foto\system\Helpers\url_helper.php(106): site_url(NULL, NULL, Object(Config\App))
#2 C:\xampp\htdocs\foto\app\Views\view_album.php(5): base_url(NULL)
#3 C:\xampp\htdocs\foto\system\View\View.php(210): include('C:\\xampp\\htdocs...')
#4 C:\xampp\htdocs\foto\system\View\View.php(213): CodeIgniter\View\View->CodeIgniter\View\{closure}()
#5 C:\xampp\htdocs\foto\system\Common.php(1089): CodeIgniter\View\View->render('view_album', Array, true)
#6 C:\xampp\htdocs\foto\app\Controllers\dashboard.php(33): view('view_album', Array)
#7 C:\xampp\htdocs\foto\system\CodeIgniter.php(832): App\Controllers\dashboard->viewAlbum('2')
#8 C:\xampp\htdocs\foto\system\CodeIgniter.php(419): CodeIgniter\CodeIgniter->runController(Object(App\Controllers\dashboard))
#9 C:\xampp\htdocs\foto\system\CodeIgniter.php(326): CodeIgniter\CodeIgniter->handleRequest(NULL, Object(Config\Cache), false)
#10 C:\xampp\htdocs\foto\public\index.php(37): CodeIgniter\CodeIgniter->run()
#11 C:\xampp\htdocs\foto\system\Commands\Server\rewrite.php(43): require_once('C:\\xampp\\htdocs...')
#12 {main}
CRITICAL - 2024-01-22 08:54:33 --> Argument 1 passed to _get_uri() must be of the type string, null given, called in C:\xampp\htdocs\foto\system\Helpers\url_helper.php on line 87
#0 C:\xampp\htdocs\foto\system\Helpers\url_helper.php(87): _get_uri(NULL, Object(Config\App))
#1 C:\xampp\htdocs\foto\system\Helpers\url_helper.php(106): site_url(NULL, NULL, Object(Config\App))
#2 C:\xampp\htdocs\foto\app\Views\view_album.php(5): base_url(NULL)
#3 C:\xampp\htdocs\foto\system\View\View.php(210): include('C:\\xampp\\htdocs...')
#4 C:\xampp\htdocs\foto\system\View\View.php(213): CodeIgniter\View\View->CodeIgniter\View\{closure}()
#5 C:\xampp\htdocs\foto\system\Common.php(1089): CodeIgniter\View\View->render('view_album', Array, true)
#6 C:\xampp\htdocs\foto\app\Controllers\dashboard.php(33): view('view_album', Array)
#7 C:\xampp\htdocs\foto\system\CodeIgniter.php(832): App\Controllers\dashboard->viewAlbum('2')
#8 C:\xampp\htdocs\foto\system\CodeIgniter.php(419): CodeIgniter\CodeIgniter->runController(Object(App\Controllers\dashboard))
#9 C:\xampp\htdocs\foto\system\CodeIgniter.php(326): CodeIgniter\CodeIgniter->handleRequest(NULL, Object(Config\Cache), false)
#10 C:\xampp\htdocs\foto\public\index.php(37): CodeIgniter\CodeIgniter->run()
#11 C:\xampp\htdocs\foto\system\Commands\Server\rewrite.php(43): require_once('C:\\xampp\\htdocs...')
#12 {main}
CRITICAL - 2024-01-22 08:57:51 --> Call to a member function base() on null
#0 C:\xampp\htdocs\foto\system\View\View.php(210): include()
#1 C:\xampp\htdocs\foto\system\View\View.php(213): CodeIgniter\View\View->CodeIgniter\View\{closure}()
#2 C:\xampp\htdocs\foto\system\Common.php(1089): CodeIgniter\View\View->render('dashboard', Array, true)
#3 C:\xampp\htdocs\foto\app\Controllers\dashboard.php(20): view('dashboard', Array)
#4 C:\xampp\htdocs\foto\system\CodeIgniter.php(832): App\Controllers\dashboard->index()
#5 C:\xampp\htdocs\foto\system\CodeIgniter.php(419): CodeIgniter\CodeIgniter->runController(Object(App\Controllers\dashboard))
#6 C:\xampp\htdocs\foto\system\CodeIgniter.php(326): CodeIgniter\CodeIgniter->handleRequest(NULL, Object(Config\Cache), false)
#7 C:\xampp\htdocs\foto\public\index.php(37): CodeIgniter\CodeIgniter->run()
#8 C:\xampp\htdocs\foto\system\Commands\Server\rewrite.php(43): require_once('C:\\xampp\\htdocs...')
#9 {main}
CRITICAL - 2024-01-22 08:58:07 --> Call to a member function base() on null
#0 C:\xampp\htdocs\foto\system\View\View.php(210): include()
#1 C:\xampp\htdocs\foto\system\View\View.php(213): CodeIgniter\View\View->CodeIgniter\View\{closure}()
#2 C:\xampp\htdocs\foto\system\Common.php(1089): CodeIgniter\View\View->render('dashboard', Array, true)
#3 C:\xampp\htdocs\foto\app\Controllers\dashboard.php(20): view('dashboard', Array)
#4 C:\xampp\htdocs\foto\system\CodeIgniter.php(832): App\Controllers\dashboard->index()
#5 C:\xampp\htdocs\foto\system\CodeIgniter.php(419): CodeIgniter\CodeIgniter->runController(Object(App\Controllers\dashboard))
#6 C:\xampp\htdocs\foto\system\CodeIgniter.php(326): CodeIgniter\CodeIgniter->handleRequest(NULL, Object(Config\Cache), false)
#7 C:\xampp\htdocs\foto\public\index.php(37): CodeIgniter\CodeIgniter->run()
#8 C:\xampp\htdocs\foto\system\Commands\Server\rewrite.php(43): require_once('C:\\xampp\\htdocs...')
#9 {main}
CRITICAL - 2024-01-22 08:58:59 --> Argument 1 passed to _get_uri() must be of the type string, null given, called in C:\xampp\htdocs\foto\system\Helpers\url_helper.php on line 87
#0 C:\xampp\htdocs\foto\system\Helpers\url_helper.php(87): _get_uri(NULL, Object(Config\App))
#1 C:\xampp\htdocs\foto\system\Helpers\url_helper.php(106): site_url(NULL, NULL, Object(Config\App))
#2 C:\xampp\htdocs\foto\app\Views\view_album.php(5): base_url(NULL)
#3 C:\xampp\htdocs\foto\system\View\View.php(210): include('C:\\xampp\\htdocs...')
#4 C:\xampp\htdocs\foto\system\View\View.php(213): CodeIgniter\View\View->CodeIgniter\View\{closure}()
#5 C:\xampp\htdocs\foto\system\Common.php(1089): CodeIgniter\View\View->render('view_album', Array, true)
#6 C:\xampp\htdocs\foto\app\Controllers\dashboard.php(33): view('view_album', Array)
#7 C:\xampp\htdocs\foto\system\CodeIgniter.php(832): App\Controllers\dashboard->viewAlbum('1')
#8 C:\xampp\htdocs\foto\system\CodeIgniter.php(419): CodeIgniter\CodeIgniter->runController(Object(App\Controllers\dashboard))
#9 C:\xampp\htdocs\foto\system\CodeIgniter.php(326): CodeIgniter\CodeIgniter->handleRequest(NULL, Object(Config\Cache), false)
#10 C:\xampp\htdocs\foto\public\index.php(37): CodeIgniter\CodeIgniter->run()
#11 C:\xampp\htdocs\foto\system\Commands\Server\rewrite.php(43): require_once('C:\\xampp\\htdocs...')
#12 {main}
CRITICAL - 2024-01-22 09:03:32 --> Argument 1 passed to _get_uri() must be of the type string, null given, called in C:\xampp\htdocs\foto\system\Helpers\url_helper.php on line 87
#0 C:\xampp\htdocs\foto\system\Helpers\url_helper.php(87): _get_uri(NULL, Object(Config\App))
#1 C:\xampp\htdocs\foto\system\Helpers\url_helper.php(106): site_url(NULL, NULL, Object(Config\App))
#2 C:\xampp\htdocs\foto\app\Views\view_album.php(6): base_url(NULL)
#3 C:\xampp\htdocs\foto\system\View\View.php(210): include('C:\\xampp\\htdocs...')
#4 C:\xampp\htdocs\foto\system\View\View.php(213): CodeIgniter\View\View->CodeIgniter\View\{closure}()
#5 C:\xampp\htdocs\foto\system\Common.php(1089): CodeIgniter\View\View->render('view_album', Array, true)
#6 C:\xampp\htdocs\foto\app\Controllers\dashboard.php(33): view('view_album', Array)
#7 C:\xampp\htdocs\foto\system\CodeIgniter.php(832): App\Controllers\dashboard->viewAlbum('2')
#8 C:\xampp\htdocs\foto\system\CodeIgniter.php(419): CodeIgniter\CodeIgniter->runController(Object(App\Controllers\dashboard))
#9 C:\xampp\htdocs\foto\system\CodeIgniter.php(326): CodeIgniter\CodeIgniter->handleRequest(NULL, Object(Config\Cache), false)
#10 C:\xampp\htdocs\foto\public\index.php(37): CodeIgniter\CodeIgniter->run()
#11 C:\xampp\htdocs\foto\system\Commands\Server\rewrite.php(43): require_once('C:\\xampp\\htdocs...')
#12 {main}
CRITICAL - 2024-01-22 09:56:19 --> Invalid file: pendaftaran.php
#0 C:\xampp\htdocs\foto\system\View\View.php(198): CodeIgniter\Exceptions\FrameworkException::forInvalidFile('pendaftaran.php')
#1 C:\xampp\htdocs\foto\system\Common.php(1089): CodeIgniter\View\View->render('pendaftaran', Array, true)
#2 C:\xampp\htdocs\foto\app\Controllers\Home.php(70): view('pendaftaran')
#3 C:\xampp\htdocs\foto\system\CodeIgniter.php(832): App\Controllers\Home->register()
#4 C:\xampp\htdocs\foto\system\CodeIgniter.php(419): CodeIgniter\CodeIgniter->runController(Object(App\Controllers\Home))
#5 C:\xampp\htdocs\foto\system\CodeIgniter.php(326): CodeIgniter\CodeIgniter->handleRequest(NULL, Object(Config\Cache), false)
#6 C:\xampp\htdocs\foto\public\index.php(37): CodeIgniter\CodeIgniter->run()
#7 C:\xampp\htdocs\foto\system\Commands\Server\rewrite.php(43): require_once('C:\\xampp\\htdocs...')
#8 {main}
CRITICAL - 2024-01-22 09:57:42 --> Class 'App\Controllers\M_model' not found
#0 C:\xampp\htdocs\foto\system\CodeIgniter.php(832): App\Controllers\Home->aksi_register()
#1 C:\xampp\htdocs\foto\system\CodeIgniter.php(419): CodeIgniter\CodeIgniter->runController(Object(App\Controllers\Home))
#2 C:\xampp\htdocs\foto\system\CodeIgniter.php(326): CodeIgniter\CodeIgniter->handleRequest(NULL, Object(Config\Cache), false)
#3 C:\xampp\htdocs\foto\public\index.php(37): CodeIgniter\CodeIgniter->run()
#4 C:\xampp\htdocs\foto\system\Commands\Server\rewrite.php(43): require_once('C:\\xampp\\htdocs...')
#5 {main}
CRITICAL - 2024-01-22 23:32:05 --> syntax error, unexpected 'endif' (T_ENDIF)
#0 C:\xampp\htdocs\foto\system\View\View.php(213): CodeIgniter\View\View->CodeIgniter\View\{closure}()
#1 C:\xampp\htdocs\foto\system\Common.php(1089): CodeIgniter\View\View->render('dashboard', Array, true)
#2 C:\xampp\htdocs\foto\app\Controllers\dashboard.php(20): view('dashboard', Array)
#3 C:\xampp\htdocs\foto\system\CodeIgniter.php(832): App\Controllers\dashboard->index()
#4 C:\xampp\htdocs\foto\system\CodeIgniter.php(419): CodeIgniter\CodeIgniter->runController(Object(App\Controllers\dashboard))
#5 C:\xampp\htdocs\foto\system\CodeIgniter.php(326): CodeIgniter\CodeIgniter->handleRequest(NULL, Object(Config\Cache), false)
#6 C:\xampp\htdocs\foto\public\index.php(37): CodeIgniter\CodeIgniter->run()
#7 C:\xampp\htdocs\foto\system\Commands\Server\rewrite.php(43): require_once('C:\\xampp\\htdocs...')
#8 {main}
